[debug] [2021-03-31T10:26:00.055Z] ----------------------------------------------------------------------
[debug] [2021-03-31T10:26:00.061Z] Command:       C:\Program Files\nodejs\node.exe C:\Users\Adegboyega Felix O\AppData\Roaming\npm\node_modules\firebase-tools\lib\bin\firebase.js deploy
[debug] [2021-03-31T10:26:00.061Z] CLI Version:   9.8.0
[debug] [2021-03-31T10:26:00.062Z] Platform:      win32
[debug] [2021-03-31T10:26:00.062Z] Node Version:  v14.15.0
[debug] [2021-03-31T10:26:00.064Z] Time:          Wed Mar 31 2021 11:26:00 GMT+0100 (West Africa Standard Time)
[debug] [2021-03-31T10:26:00.064Z] ----------------------------------------------------------------------
[debug] 
[debug] [2021-03-31T10:26:00.085Z] > command requires scopes: ["email","openid","https://www.googleapis.com/auth/cloudplatformprojects.readonly","https://www.googleapis.com/auth/firebase","https://www.googleapis.com/auth/cloud-platform"]
[debug] [2021-03-31T10:26:00.087Z] > authorizing via signed-in user
[debug] [2021-03-31T10:26:00.088Z] [iam] checking project practise-5e196 for permissions ["cloudconfig.configs.get","cloudconfig.configs.update","cloudfunctions.functions.create","cloudfunctions.functions.delete","cloudfunctions.functions.get","cloudfunctions.functions.list","cloudfunctions.functions.update","cloudfunctions.operations.get","datastore.indexes.create","datastore.indexes.delete","datastore.indexes.list","datastore.indexes.update","firebase.projects.get","firebasedatabase.instances.update","firebasehosting.sites.update","firebaserules.releases.create","firebaserules.releases.update","firebaserules.rulesets.create"]
[debug] [2021-03-31T10:26:00.092Z] >>> HTTP REQUEST POST https://cloudresourcemanager.googleapis.com/v1/projects/practise-5e196:testIamPermissions  
 {"permissions":["cloudconfig.configs.get","cloudconfig.configs.update","cloudfunctions.functions.create","cloudfunctions.functions.delete","cloudfunctions.functions.get","cloudfunctions.functions.list","cloudfunctions.functions.update","cloudfunctions.operations.get","datastore.indexes.create","datastore.indexes.delete","datastore.indexes.list","datastore.indexes.update","firebase.projects.get","firebasedatabase.instances.update","firebasehosting.sites.update","firebaserules.releases.create","firebaserules.releases.update","firebaserules.rulesets.create"]}
[debug] [2021-03-31T10:26:03.535Z] <<< HTTP RESPONSE 200 {"content-type":"application/json; charset=UTF-8","vary":"X-Origin, Referer, Origin,Accept-Encoding","date":"Wed, 31 Mar 2021 10:26:03 GMT","server":"ESF","cache-control":"private","x-xss-protection":"0","x-frame-options":"SAMEORIGIN","x-content-type-options":"nosniff","server-timing":"gfet4t7; dur=1139","alt-svc":"h3-29=\":443\"; ma=2592000,h3-T051=\":443\"; ma=2592000,h3-Q050=\":443\"; ma=2592000,h3-Q046=\":443\"; ma=2592000,h3-Q043=\":443\"; ma=2592000,quic=\":443\"; ma=2592000; v=\"46,43\"","accept-ranges":"none","transfer-encoding":"chunked"}
[debug] [2021-03-31T10:26:03.540Z] >>> HTTP REQUEST POST https://iam.googleapis.com/v1/projects/practise-5e196/serviceAccounts/practise-5e196@appspot.gserviceaccount.com:testIamPermissions  
 {"permissions":["iam.serviceAccounts.actAs"]}
[debug] [2021-03-31T10:26:06.821Z] <<< HTTP RESPONSE 200 {"content-type":"application/json; charset=UTF-8","vary":"X-Origin, Referer, Origin,Accept-Encoding","date":"Wed, 31 Mar 2021 10:26:07 GMT","server":"ESF","cache-control":"private","x-xss-protection":"0","x-frame-options":"SAMEORIGIN","x-content-type-options":"nosniff","alt-svc":"h3-29=\":443\"; ma=2592000,h3-T051=\":443\"; ma=2592000,h3-Q050=\":443\"; ma=2592000,h3-Q046=\":443\"; ma=2592000,h3-Q043=\":443\"; ma=2592000,quic=\":443\"; ma=2592000; v=\"46,43\"","accept-ranges":"none","transfer-encoding":"chunked"}
[debug] [2021-03-31T10:26:06.825Z] > refreshing access token with scopes: []
[debug] [2021-03-31T10:26:06.825Z] >>> HTTP REQUEST POST https://www.googleapis.com/oauth2/v3/token  
 <request body omitted>
[debug] [2021-03-31T10:26:07.873Z] <<< HTTP RESPONSE 200 {"pragma":"no-cache","date":"Wed, 31 Mar 2021 10:26:08 GMT","cache-control":"no-cache, no-store, max-age=0, must-revalidate","expires":"Mon, 01 Jan 1990 00:00:00 GMT","content-type":"application/json; charset=utf-8","vary":"X-Origin, Referer, Origin,Accept-Encoding","server":"scaffolding on HTTPServer2","x-xss-protection":"0","x-frame-options":"SAMEORIGIN","x-content-type-options":"nosniff","alt-svc":"h3-29=\":443\"; ma=2592000,h3-T051=\":443\"; ma=2592000,h3-Q050=\":443\"; ma=2592000,h3-Q046=\":443\"; ma=2592000,h3-Q043=\":443\"; ma=2592000,quic=\":443\"; ma=2592000; v=\"46,43\"","accept-ranges":"none","transfer-encoding":"chunked"}
[debug] [2021-03-31T10:26:08.571Z] >>> [apiv2][query] GET https://firebase.googleapis.com/v1beta1/projects/practise-5e196 [none]
[debug] [2021-03-31T10:26:10.330Z] <<< [apiv2][status] GET https://firebase.googleapis.com/v1beta1/projects/practise-5e196 200
[debug] [2021-03-31T10:26:10.331Z] <<< [apiv2][body] GET https://firebase.googleapis.com/v1beta1/projects/practise-5e196 {"projectId":"practise-5e196","projectNumber":"390937159710","displayName":"Practise","name":"projects/practise-5e196","resources":{"hostingSite":"practise-5e196","realtimeDatabaseInstance":"practise-5e196-default-rtdb","storageBucket":"practise-5e196.appspot.com","locationId":"us-central"},"state":"ACTIVE"}
[debug] [2021-03-31T10:26:10.333Z] >>> [apiv2][query] GET https://firebase.googleapis.com/v1beta1/projects/practise-5e196 [none]
[debug] [2021-03-31T10:26:11.615Z] <<< [apiv2][status] GET https://firebase.googleapis.com/v1beta1/projects/practise-5e196 200
